<?xml version="1.0" encoding="UTF-8"?>
<testsuites name="Data Group - view" time="38.856" tests="1" failures="0" errors="0">
   <testsuite name="Data Group - view" tests="1" failures="0" errors="0" time="38.856" skipped="0" timestamp="2023-08-21 14:38:14" hostname="NEXSOFT - 10.10.18.38" id="Test Suites/Master Data/Data Group/Data Group - view">
      <properties>
         <property name="deviceName" value=""/>
         <property name="devicePlatform" value=""/>
         <property name="logFolder" value="C:\\Users\\NEXSOFT\\Documents\\Nexsoft\\Katalon\\Katalon_nexcare\\Reports\\20230821_143808\\Master Data\\Data Group\\Data Group - view\\20230821_143808"/>
         <property name="logFiles" value="C:\\Users\\NEXSOFT\\Documents\\Nexsoft\\Katalon\\Katalon_nexcare\\Reports\\20230821_143808\\Master Data\\Data Group\\Data Group - view\\20230821_143808\\execution0.log"/>
         <property name="attachments" value=""/>
         <property name="hostName" value="NEXSOFT - 10.10.18.38"/>
         <property name="os" value="Windows 10 64bit"/>
         <property name="katalonVersion" value="8.3.0.208"/>
         <property name="browser" value="Chrome 115.0.0.0"/>
         <property name="hostAddress" value="10.10.18.38"/>
         <property name="sessionId" value="062b360f61706a8f070cf06ab726f753"/>
         <property name="seleniumVersion" value="3.141.59"/>
         <property name="proxyInformation" value="ProxyInformation { proxyOption=NO_PROXY, proxyServerType=HTTP, username=, password=********, proxyServerAddress=, proxyServerPort=0, executionList=&quot;&quot;, isApplyToDesiredCapabilities=true }"/>
         <property name="platform" value="Windows 10"/>
      </properties>
      <testcase name="Test Cases/Master Data/Data Group/Data Group - View" time="38.387" classname="Test Cases/Master Data/Data Group/Data Group - View" status="INCOMPLETE">
         <system-out><![CDATA[2023-08-21 14:38:14 - [TEST_CASE][INCOMPLETE] - Test Cases/Master Data/Data Group/Data Group - View: null

2023-08-21 14:38:15 - [TEST_STEP][PASSED] - handleWebDriver = new care.katalon.HandleWebDriver(): null

2023-08-21 14:38:15 - [TEST_STEP][PASSED] - handleWebDriver.startAndOpenWebBrowser(baseUrl): Wait for page load successfully

2023-08-21 14:38:16 - [MESSAGE][INFO] - URL ENV = https://staging-care.nexcloud.id/

2023-08-21 14:38:17 - [MESSAGE][INFO] - Starting 'Chrome' driver

2023-08-21 14:38:17 - [MESSAGE][INFO] - Action delay is set to 0 milliseconds

2023-08-21 14:38:20 - [MESSAGE][PASSED] - Browser is opened with url: ''

2023-08-21 14:38:20 - [MESSAGE][PASSED] - Wait for page load successfully

2023-08-21 14:38:20 - [MESSAGE][PASSED] - Current window maximized

2023-08-21 14:38:24 - [MESSAGE][PASSED] - Navigate to 'https://staging-care.nexcloud.id/' successfully

2023-08-21 14:38:24 - [MESSAGE][PASSED] - Wait for page load successfully

2023-08-21 14:38:24 - [TEST_STEP][PASSED] - generalAction = new care.katalon.GeneralAction(): null

2023-08-21 14:38:24 - [TEST_STEP][PASSED] - handleTestData = new care.katalon.HandleTestData(): null

2023-08-21 14:38:24 - [TEST_STEP][PASSED] - dataGroup = new masterdata.care.DataGroup(): null

2023-08-21 14:38:24 - [TEST_STEP][PASSED] - generalAction.login(""): Wait for page load successfully

2023-08-21 14:38:24 - [MESSAGE][PASSED] - Object 'Object Repository/Login/username' is clickable

2023-08-21 14:38:24 - [MESSAGE][INFO] - Click Element = Object Repository/Login/username

2023-08-21 14:38:25 - [MESSAGE][PASSED] - Object: 'Object Repository/Login/username' is clicked on

2023-08-21 14:38:25 - [MESSAGE][PASSED] - Attribute 'value' of object 'Object Repository/Login/username' is: ''

2023-08-21 14:38:26 - [MESSAGE][PASSED] - Text 'admin' is set on object 'Object Repository/Login/username'

2023-08-21 14:38:27 - [MESSAGE][PASSED] - Object 'Object Repository/Login/password' is clickable

2023-08-21 14:38:27 - [MESSAGE][INFO] - Click Element = Object Repository/Login/password

2023-08-21 14:38:27 - [MESSAGE][PASSED] - Object: 'Object Repository/Login/password' is clicked on

2023-08-21 14:38:27 - [MESSAGE][PASSED] - Attribute 'value' of object 'Object Repository/Login/password' is: ''

2023-08-21 14:38:28 - [MESSAGE][PASSED] - Text 'Auth_server_2020' is set on object 'Object Repository/Login/password'

2023-08-21 14:38:29 - [MESSAGE][PASSED] - Object 'Object Repository/Login/masuk' is clickable

2023-08-21 14:38:29 - [MESSAGE][INFO] - Click Element = Object Repository/Login/masuk

2023-08-21 14:38:29 - [MESSAGE][PASSED] - Object: 'Object Repository/Login/masuk' is clicked on

2023-08-21 14:38:30 - [MESSAGE][PASSED] - Object 'Object Repository/Login/button_Tidak' is present

2023-08-21 14:38:30 - [MESSAGE][PASSED] - Object 'Object Repository/Login/button_Tidak' is clickable

2023-08-21 14:38:30 - [MESSAGE][INFO] - Click Element = Object Repository/Login/button_Tidak

2023-08-21 14:38:30 - [MESSAGE][PASSED] - Object: 'Object Repository/Login/button_Tidak' is clicked on

2023-08-21 14:38:30 - [MESSAGE][PASSED] - Wait for page load successfully

2023-08-21 14:38:30 - [TEST_STEP][PASSED] - dataGroup.menuDataGroup(): Object: 'Object Repository/Home Page(General)/btnDataGroup' is clicked on

2023-08-21 14:38:33 - [MESSAGE][PASSED] - Object 'Object Repository/Sidebar/Sidebar Master Data' is clickable

2023-08-21 14:38:33 - [MESSAGE][INFO] - Click Element = Object Repository/Sidebar/Sidebar Master Data

2023-08-21 14:38:34 - [MESSAGE][PASSED] - Object: 'Object Repository/Sidebar/Sidebar Master Data' is clicked on

2023-08-21 14:38:35 - [MESSAGE][PASSED] - Object 'Object Repository/Home Page(General)/btnDataGroup' is clickable

2023-08-21 14:38:35 - [MESSAGE][INFO] - Click Element = Object Repository/Home Page(General)/btnDataGroup

2023-08-21 14:38:36 - [MESSAGE][PASSED] - Object: 'Object Repository/Home Page(General)/btnDataGroup' is clicked on

2023-08-21 14:38:36 - [TEST_STEP][PASSED] - excelLocation = "Master Data\Data Group\dataGroup - view.xlsx": null

2023-08-21 14:38:36 - [TEST_STEP][PASSED] - sheetNameDataGroup = "DataGroup-view": null

2023-08-21 14:38:36 - [TEST_STEP][PASSED] - listHashMapDataGroup = handleTestData.readTestData(excelLocation, sheetNameDataGroup, true): listHashMap di Method readTestData class care.katalon.HandleTestData : [[TD:TDG220601, Action:Add, groupID:katalonlima, principalName:Nestle, deskripsi:Penambahan Data Group Oleh Katalon 05., category:POSITIVE, customerName:PT CAHAYA AGUNG CEMERLANG GROBOGAN], [TD:TDG220602, Action:Add, groupID:katalonenam, principalName:ASW,Nestle, deskripsi:Penambahan Data Group Oleh Katalon 06., category:POSITIVE, customerName:Pt Rukun Mitra Sejati Blitar,Pt Rukun Mitra Sejati Yogyakarta], [TD:TDG220603, Action:Add, groupID:katalontujuh, principalName:ASW, deskripsi:Penambahan Data Group Oleh Katalon 07., category:POSITIVE, customerName:All], [TD:TDG220604, Action:Add, groupID:katalondelapan, principalName:All, deskripsi:Penambahan Data Group Oleh Katalon 08., category:POSITIVE, customerName:Pt Rukun Mitra Sejati Yogyakarta]]

2023-08-21 14:38:37 - [MESSAGE][INFO] - listHashMap di Method readTestData class care.katalon.HandleTestData : [[TD:TDG220601, Action:Add, groupID:katalonlima, principalName:Nestle, deskripsi:Penambahan Data Group Oleh Katalon 05., category:POSITIVE, customerName:PT CAHAYA AGUNG CEMERLANG GROBOGAN], [TD:TDG220602, Action:Add, groupID:katalonenam, principalName:ASW,Nestle, deskripsi:Penambahan Data Group Oleh Katalon 06., category:POSITIVE, customerName:Pt Rukun Mitra Sejati Blitar,Pt Rukun Mitra Sejati Yogyakarta], [TD:TDG220603, Action:Add, groupID:katalontujuh, principalName:ASW, deskripsi:Penambahan Data Group Oleh Katalon 07., category:POSITIVE, customerName:All], [TD:TDG220604, Action:Add, groupID:katalondelapan, principalName:All, deskripsi:Penambahan Data Group Oleh Katalon 08., category:POSITIVE, customerName:Pt Rukun Mitra Sejati Yogyakarta]]

2023-08-21 14:38:37 - [TEST_STEP][INCOMPLETE] - for ([i = 0, i < listHashMapDataGroup.size(), (i++)]): null

2023-08-21 14:38:37 - [TEST_STEP][FAILED] - try: null

2023-08-21 14:38:37 - [TEST_STEP][PASSED] - getHashMapDataGroup = listHashMapDataGroup.get(i): null

2023-08-21 14:38:37 - [TEST_STEP][PASSED] - groupID = getHashMapDataGroup.get("groupID"): null

2023-08-21 14:38:37 - [TEST_STEP][PASSED] - dataGroup.viewDetail(groupID): Object: 'Object Repository/Master Data/Data Group/TambahEditDetail/pathdetailDataGroup' is clicked on

2023-08-21 14:38:37 - [MESSAGE][PASSED] - Wait for page load successfully

2023-08-21 14:38:38 - [MESSAGE][PASSED] - Object 'Object Repository/Master Data/Data Group/TambahEditDetail/SearchDataGroup' is clickable

2023-08-21 14:38:38 - [MESSAGE][INFO] - Click Element = Object Repository/Master Data/Data Group/TambahEditDetail/SearchDataGroup

2023-08-21 14:38:38 - [MESSAGE][PASSED] - Object: 'Object Repository/Master Data/Data Group/TambahEditDetail/SearchDataGroup' is clicked on

2023-08-21 14:38:38 - [MESSAGE][PASSED] - Attribute 'value' of object 'Object Repository/Master Data/Data Group/TambahEditDetail/SearchDataGroup' is: ''

2023-08-21 14:38:39 - [MESSAGE][PASSED] - Text 'katalonlima' is set on object 'Object Repository/Master Data/Data Group/TambahEditDetail/SearchDataGroup'

2023-08-21 14:38:40 - [MESSAGE][PASSED] - Keys 'ENTER + ' sent to object: 'Object Repository/Master Data/Data Group/TambahEditDetail/SearchDataGroup'

2023-08-21 14:38:40 - [MESSAGE][PASSED] - Object 'Object Repository/Master Data/Data Group/TambahEditDetail/pathdetailDataGroup' is clickable

2023-08-21 14:38:40 - [MESSAGE][INFO] - Click Element = Object Repository/Master Data/Data Group/TambahEditDetail/pathdetailDataGroup

2023-08-21 14:38:41 - [MESSAGE][PASSED] - Object: 'Object Repository/Master Data/Data Group/TambahEditDetail/pathdetailDataGroup' is clicked on

2023-08-21 14:38:41 - [TEST_STEP][FAILED] - dataGroup.verifyDataGroup(getHashMapDataGroup): NOT MATCH

2023-08-21 14:38:41 - [MESSAGE][INFO] - Grup ID : katalonlima

2023-08-21 14:38:41 - [MESSAGE][INFO] - Deskripsi : Penambahan Data Group Oleh Katalon 05.

2023-08-21 14:38:41 - [MESSAGE][INFO] - Customer Name : PT CAHAYA AGUNG CEMERLANG GROBOGAN

2023-08-21 14:38:41 - [MESSAGE][INFO] - Principal Name : Nestle

2023-08-21 14:38:41 - [MESSAGE][PASSED] - Wait for page load successfully

2023-08-21 14:38:41 - [MESSAGE][PASSED] - Attribute 'value' of object 'Object Repository/Master Data/Data Group/TambahEditDetail/VerifyDataGroupID' is: 'katalonlima'

2023-08-21 14:38:41 - [MESSAGE][PASSED] - Actual text 'katalonlima' and expected text 'katalonlima' are matched 

2023-08-21 14:38:42 - [MESSAGE][PASSED] - Text of object 'Object Repository/Master Data/Data Group/TambahEditDetail/VerifyDeskripsi' is: 'Edit Data Group Oleh Katalon 01.'

2023-08-21 14:38:42 - [MESSAGE][WARNING] - Unable to verify match between actual text 'Edit Data Group Oleh Katalon 01.' and expected text 'Penambahan Data Group Oleh Katalon 05.' (Root cause: com.kms.katalon.core.exception.StepFailedException: Actual text 'Edit Data Group Oleh Katalon 01.' and expected text 'Penambahan Data Group Oleh Katalon 05.' are not matched
	at com.kms.katalon.core.keyword.builtin.VerifyMatchKeyword$_verifyMatch_closure1.doCall(VerifyMatchKeyword.groovy:57)
	at com.kms.katalon.core.keyword.builtin.VerifyMatchKeyword$_verifyMatch_closure1.call(VerifyMatchKeyword.groovy)
	at com.kms.katalon.core.keyword.internal.KeywordMain.runKeyword(KeywordMain.groovy:74)
	at com.kms.katalon.core.keyword.builtin.VerifyMatchKeyword.verifyMatch(VerifyMatchKeyword.groovy:60)
	at com.kms.katalon.core.keyword.builtin.VerifyMatchKeyword.execute(VerifyMatchKeyword.groovy:45)
	at com.kms.katalon.core.keyword.internal.KeywordExecutor.executeKeywordForPlatform(KeywordExecutor.groovy:74)
	at com.kms.katalon.core.keyword.BuiltinKeywords.verifyMatch(BuiltinKeywords.groovy:55)
	at care.katalon.VerifyElement.verifyMatch(VerifyElement.groovy:277)
	at care.katalon.VerifyElement$verifyMatch.call(Unknown Source)
	at masterdata.care.DataGroup.verifyDataGroup(DataGroup.groovy:252)
	at masterdata.care.DataGroup$verifyDataGroup$1.call(Unknown Source)
	at Data Group - View.run(Data Group - View:48)
	at com.kms.katalon.core.main.ScriptEngine.run(ScriptEngine.java:194)
	at com.kms.katalon.core.main.ScriptEngine.runScriptAsRawText(ScriptEngine.java:119)
	at com.kms.katalon.core.main.TestCaseExecutor.runScript(TestCaseExecutor.java:445)
	at com.kms.katalon.core.main.TestCaseExecutor.doExecute(TestCaseExecutor.java:436)
	at com.kms.katalon.core.main.TestCaseExecutor.processExecutionPhase(TestCaseExecutor.java:415)
	at com.kms.katalon.core.main.TestCaseExecutor.accessMainPhase(TestCaseExecutor.java:407)
	at com.kms.katalon.core.main.TestCaseExecutor.execute(TestCaseExecutor.java:284)
	at com.kms.katalon.core.common.CommonExecutor.accessTestCaseMainPhase(CommonExecutor.java:65)
	at com.kms.katalon.core.main.TestSuiteExecutor.accessTestSuiteMainPhase(TestSuiteExecutor.java:144)
	at com.kms.katalon.core.main.TestSuiteExecutor.execute(TestSuiteExecutor.java:106)
	at com.kms.katalon.core.main.TestCaseMain.startTestSuite(TestCaseMain.java:185)
	at com.kms.katalon.core.main.TestCaseMain$startTestSuite$0.call(Unknown Source)
	at TempTestSuite1692603488828.run(TempTestSuite1692603488828.groovy:36)
)

2023-08-21 14:38:42 - [MESSAGE][FAILED] - NOT MATCH

2023-08-21 14:38:42 - [MESSAGE][PASSED] - Object 'Object Repository/Master Data/Data Group/TambahEditDetail/DataScopeView' is clickable

2023-08-21 14:38:43 - [MESSAGE][PASSED] - Object 'Object Repository/Master Data/Data Group/TambahEditDetail/DataScopeView' is clickable

2023-08-21 14:38:43 - [MESSAGE][INFO] - Click Element = Object Repository/Master Data/Data Group/TambahEditDetail/DataScopeView

2023-08-21 14:38:43 - [MESSAGE][PASSED] - Object: 'Object Repository/Master Data/Data Group/TambahEditDetail/DataScopeView' is clicked on

2023-08-21 14:38:44 - [MESSAGE][PASSED] - Text of object 'Object Repository/Master Data/Data Group/TambahEditDetail/VerifyNamaPelanggan' is: 'Pt Papa Samsu Sampit'

2023-08-21 14:38:44 - [MESSAGE][INFO] - NAMA DISTRIBUTOR = Pt Papa Samsu Sampit

2023-08-21 14:38:44 - [MESSAGE][WARNING] - Unable to verify match between actual text 'Pt Papa Samsu Sampit' and expected text 'PT CAHAYA AGUNG CEMERLANG GROBOGAN' (Root cause: com.kms.katalon.core.exception.StepFailedException: Actual text 'Pt Papa Samsu Sampit' and expected text 'PT CAHAYA AGUNG CEMERLANG GROBOGAN' are not matched
	at com.kms.katalon.core.keyword.builtin.VerifyMatchKeyword$_verifyMatch_closure1.doCall(VerifyMatchKeyword.groovy:57)
	at com.kms.katalon.core.keyword.builtin.VerifyMatchKeyword$_verifyMatch_closure1.call(VerifyMatchKeyword.groovy)
	at com.kms.katalon.core.keyword.internal.KeywordMain.runKeyword(KeywordMain.groovy:74)
	at com.kms.katalon.core.keyword.builtin.VerifyMatchKeyword.verifyMatch(VerifyMatchKeyword.groovy:60)
	at com.kms.katalon.core.keyword.builtin.VerifyMatchKeyword.execute(VerifyMatchKeyword.groovy:45)
	at com.kms.katalon.core.keyword.internal.KeywordExecutor.executeKeywordForPlatform(KeywordExecutor.groovy:74)
	at com.kms.katalon.core.keyword.BuiltinKeywords.verifyMatch(BuiltinKeywords.groovy:55)
	at care.katalon.VerifyElement.verifyMatch(VerifyElement.groovy:277)
	at care.katalon.VerifyElement$verifyMatch.call(Unknown Source)
	at masterdata.care.DataGroup.verifyDataGroup(DataGroup.groovy:265)
	at masterdata.care.DataGroup$verifyDataGroup$1.call(Unknown Source)
	at Data Group - View.run(Data Group - View:48)
	at com.kms.katalon.core.main.ScriptEngine.run(ScriptEngine.java:194)
	at com.kms.katalon.core.main.ScriptEngine.runScriptAsRawText(ScriptEngine.java:119)
	at com.kms.katalon.core.main.TestCaseExecutor.runScript(TestCaseExecutor.java:445)
	at com.kms.katalon.core.main.TestCaseExecutor.doExecute(TestCaseExecutor.java:436)
	at com.kms.katalon.core.main.TestCaseExecutor.processExecutionPhase(TestCaseExecutor.java:415)
	at com.kms.katalon.core.main.TestCaseExecutor.accessMainPhase(TestCaseExecutor.java:407)
	at com.kms.katalon.core.main.TestCaseExecutor.execute(TestCaseExecutor.java:284)
	at com.kms.katalon.core.common.CommonExecutor.accessTestCaseMainPhase(CommonExecutor.java:65)
	at com.kms.katalon.core.main.TestSuiteExecutor.accessTestSuiteMainPhase(TestSuiteExecutor.java:144)
	at com.kms.katalon.core.main.TestSuiteExecutor.execute(TestSuiteExecutor.java:106)
	at com.kms.katalon.core.main.TestCaseMain.startTestSuite(TestCaseMain.java:185)
	at com.kms.katalon.core.main.TestCaseMain$startTestSuite$0.call(Unknown Source)
	at TempTestSuite1692603488828.run(TempTestSuite1692603488828.groovy:36)
)

2023-08-21 14:38:44 - [MESSAGE][FAILED] - NOT MATCH

2023-08-21 14:38:44 - [MESSAGE][PASSED] - Text of object 'Object Repository/Master Data/Data Group/TambahEditDetail/VerifyNamaPrincipal' is: 'PVMI'

2023-08-21 14:38:44 - [MESSAGE][INFO] - NAMA PRINCIPAL = PVMI

2023-08-21 14:38:44 - [MESSAGE][WARNING] - Unable to verify match between actual text 'PVMI' and expected text 'Nestle' (Root cause: com.kms.katalon.core.exception.StepFailedException: Actual text 'PVMI' and expected text 'Nestle' are not matched
	at com.kms.katalon.core.keyword.builtin.VerifyMatchKeyword$_verifyMatch_closure1.doCall(VerifyMatchKeyword.groovy:57)
	at com.kms.katalon.core.keyword.builtin.VerifyMatchKeyword$_verifyMatch_closure1.call(VerifyMatchKeyword.groovy)
	at com.kms.katalon.core.keyword.internal.KeywordMain.runKeyword(KeywordMain.groovy:74)
	at com.kms.katalon.core.keyword.builtin.VerifyMatchKeyword.verifyMatch(VerifyMatchKeyword.groovy:60)
	at com.kms.katalon.core.keyword.builtin.VerifyMatchKeyword.execute(VerifyMatchKeyword.groovy:45)
	at com.kms.katalon.core.keyword.internal.KeywordExecutor.executeKeywordForPlatform(KeywordExecutor.groovy:74)
	at com.kms.katalon.core.keyword.BuiltinKeywords.verifyMatch(BuiltinKeywords.groovy:55)
	at care.katalon.VerifyElement.verifyMatch(VerifyElement.groovy:277)
	at care.katalon.VerifyElement$verifyMatch.call(Unknown Source)
	at masterdata.care.DataGroup.verifyDataGroup(DataGroup.groovy:278)
	at masterdata.care.DataGroup$verifyDataGroup$1.call(Unknown Source)
	at Data Group - View.run(Data Group - View:48)
	at com.kms.katalon.core.main.ScriptEngine.run(ScriptEngine.java:194)
	at com.kms.katalon.core.main.ScriptEngine.runScriptAsRawText(ScriptEngine.java:119)
	at com.kms.katalon.core.main.TestCaseExecutor.runScript(TestCaseExecutor.java:445)
	at com.kms.katalon.core.main.TestCaseExecutor.doExecute(TestCaseExecutor.java:436)
	at com.kms.katalon.core.main.TestCaseExecutor.processExecutionPhase(TestCaseExecutor.java:415)
	at com.kms.katalon.core.main.TestCaseExecutor.accessMainPhase(TestCaseExecutor.java:407)
	at com.kms.katalon.core.main.TestCaseExecutor.execute(TestCaseExecutor.java:284)
	at com.kms.katalon.core.common.CommonExecutor.accessTestCaseMainPhase(CommonExecutor.java:65)
	at com.kms.katalon.core.main.TestSuiteExecutor.accessTestSuiteMainPhase(TestSuiteExecutor.java:144)
	at com.kms.katalon.core.main.TestSuiteExecutor.execute(TestSuiteExecutor.java:106)
	at com.kms.katalon.core.main.TestCaseMain.startTestSuite(TestCaseMain.java:185)
	at com.kms.katalon.core.main.TestCaseMain$startTestSuite$0.call(Unknown Source)
	at TempTestSuite1692603488828.run(TempTestSuite1692603488828.groovy:36)
)

2023-08-21 14:38:44 - [MESSAGE][FAILED] - NOT MATCH

2023-08-21 14:38:44 - [TEST_STEP][PASSED] - dataGroup.closeViewDetail(): Delayed 2 second(s)

2023-08-21 14:38:45 - [MESSAGE][PASSED] - Object 'Object Repository/Master Data/Data Group/TambahEditDetail/Tutup' is clickable

2023-08-21 14:38:45 - [MESSAGE][INFO] - Click Element = Object Repository/Master Data/Data Group/TambahEditDetail/Tutup

2023-08-21 14:38:45 - [MESSAGE][PASSED] - Object: 'Object Repository/Master Data/Data Group/TambahEditDetail/Tutup' is clicked on

2023-08-21 14:38:47 - [MESSAGE][PASSED] - Delayed 2 second(s)

2023-08-21 14:38:47 - [TEST_STEP][INCOMPLETE] - try: null

2023-08-21 14:38:47 - [TEST_STEP][PASSED] - getHashMapDataGroup = listHashMapDataGroup.get(i): null

2023-08-21 14:38:47 - [TEST_STEP][PASSED] - groupID = getHashMapDataGroup.get("groupID"): null

2023-08-21 14:38:47 - [TEST_STEP][PASSED] - dataGroup.viewDetail(groupID): Object: 'Object Repository/Master Data/Data Group/TambahEditDetail/pathdetailDataGroup' is clicked on

2023-08-21 14:38:47 - [MESSAGE][PASSED] - Wait for page load successfully

2023-08-21 14:38:48 - [MESSAGE][PASSED] - Object 'Object Repository/Master Data/Data Group/TambahEditDetail/SearchDataGroup' is clickable

2023-08-21 14:38:48 - [MESSAGE][INFO] - Click Element = Object Repository/Master Data/Data Group/TambahEditDetail/SearchDataGroup

2023-08-21 14:38:48 - [MESSAGE][PASSED] - Object: 'Object Repository/Master Data/Data Group/TambahEditDetail/SearchDataGroup' is clicked on

2023-08-21 14:38:48 - [MESSAGE][PASSED] - Attribute 'value' of object 'Object Repository/Master Data/Data Group/TambahEditDetail/SearchDataGroup' is: ''

2023-08-21 14:38:49 - [MESSAGE][PASSED] - Text 'katalonenam' is set on object 'Object Repository/Master Data/Data Group/TambahEditDetail/SearchDataGroup'

2023-08-21 14:38:50 - [MESSAGE][PASSED] - Keys 'ENTER + ' sent to object: 'Object Repository/Master Data/Data Group/TambahEditDetail/SearchDataGroup'

2023-08-21 14:38:50 - [MESSAGE][PASSED] - Object 'Object Repository/Master Data/Data Group/TambahEditDetail/pathdetailDataGroup' is clickable

2023-08-21 14:38:50 - [MESSAGE][INFO] - Click Element = Object Repository/Master Data/Data Group/TambahEditDetail/pathdetailDataGroup

2023-08-21 14:38:50 - [MESSAGE][PASSED] - Object: 'Object Repository/Master Data/Data Group/TambahEditDetail/pathdetailDataGroup' is clicked on

2023-08-21 14:38:50 - [TEST_STEP][INCOMPLETE] - dataGroup.verifyDataGroup(getHashMapDataGroup): Object: 'Object Repository/Master Data/Data Group/TambahEditDetail/DataScopeView' is clicked on

2023-08-21 14:38:50 - [MESSAGE][INFO] - Grup ID : katalonenam

2023-08-21 14:38:50 - [MESSAGE][INFO] - Deskripsi : Penambahan Data Group Oleh Katalon 06.

2023-08-21 14:38:50 - [MESSAGE][INFO] - Customer Name : Pt Rukun Mitra Sejati Blitar,Pt Rukun Mitra Sejati Yogyakarta

2023-08-21 14:38:50 - [MESSAGE][INFO] - Principal Name : ASW,Nestle

2023-08-21 14:38:51 - [MESSAGE][PASSED] - Wait for page load successfully

2023-08-21 14:38:51 - [MESSAGE][PASSED] - Attribute 'value' of object 'Object Repository/Master Data/Data Group/TambahEditDetail/VerifyDataGroupID' is: 'katalonenam'

2023-08-21 14:38:51 - [MESSAGE][PASSED] - Actual text 'katalonenam' and expected text 'katalonenam' are matched 

2023-08-21 14:38:51 - [MESSAGE][PASSED] - Text of object 'Object Repository/Master Data/Data Group/TambahEditDetail/VerifyDeskripsi' is: 'Edit Data Group Oleh Katalon 02.'

2023-08-21 14:38:51 - [MESSAGE][WARNING] - Unable to verify match between actual text 'Edit Data Group Oleh Katalon 02.' and expected text 'Penambahan Data Group Oleh Katalon 06.' (Root cause: com.kms.katalon.core.exception.StepFailedException: Actual text 'Edit Data Group Oleh Katalon 02.' and expected text 'Penambahan Data Group Oleh Katalon 06.' are not matched
	at com.kms.katalon.core.keyword.builtin.VerifyMatchKeyword$_verifyMatch_closure1.doCall(VerifyMatchKeyword.groovy:57)
	at com.kms.katalon.core.keyword.builtin.VerifyMatchKeyword$_verifyMatch_closure1.call(VerifyMatchKeyword.groovy)
	at com.kms.katalon.core.keyword.internal.KeywordMain.runKeyword(KeywordMain.groovy:74)
	at com.kms.katalon.core.keyword.builtin.VerifyMatchKeyword.verifyMatch(VerifyMatchKeyword.groovy:60)
	at com.kms.katalon.core.keyword.builtin.VerifyMatchKeyword.execute(VerifyMatchKeyword.groovy:45)
	at com.kms.katalon.core.keyword.internal.KeywordExecutor.executeKeywordForPlatform(KeywordExecutor.groovy:74)
	at com.kms.katalon.core.keyword.BuiltinKeywords.verifyMatch(BuiltinKeywords.groovy:55)
	at care.katalon.VerifyElement.verifyMatch(VerifyElement.groovy:277)
	at care.katalon.VerifyElement$verifyMatch.call(Unknown Source)
	at masterdata.care.DataGroup.verifyDataGroup(DataGroup.groovy:252)
	at masterdata.care.DataGroup$verifyDataGroup$1.call(Unknown Source)
	at Data Group - View.run(Data Group - View:48)
	at com.kms.katalon.core.main.ScriptEngine.run(ScriptEngine.java:194)
	at com.kms.katalon.core.main.ScriptEngine.runScriptAsRawText(ScriptEngine.java:119)
	at com.kms.katalon.core.main.TestCaseExecutor.runScript(TestCaseExecutor.java:445)
	at com.kms.katalon.core.main.TestCaseExecutor.doExecute(TestCaseExecutor.java:436)
	at com.kms.katalon.core.main.TestCaseExecutor.processExecutionPhase(TestCaseExecutor.java:415)
	at com.kms.katalon.core.main.TestCaseExecutor.accessMainPhase(TestCaseExecutor.java:407)
	at com.kms.katalon.core.main.TestCaseExecutor.execute(TestCaseExecutor.java:284)
	at com.kms.katalon.core.common.CommonExecutor.accessTestCaseMainPhase(CommonExecutor.java:65)
	at com.kms.katalon.core.main.TestSuiteExecutor.accessTestSuiteMainPhase(TestSuiteExecutor.java:144)
	at com.kms.katalon.core.main.TestSuiteExecutor.execute(TestSuiteExecutor.java:106)
	at com.kms.katalon.core.main.TestCaseMain.startTestSuite(TestCaseMain.java:185)
	at com.kms.katalon.core.main.TestCaseMain$startTestSuite$0.call(Unknown Source)
	at TempTestSuite1692603488828.run(TempTestSuite1692603488828.groovy:36)
)

2023-08-21 14:38:51 - [MESSAGE][FAILED] - NOT MATCH

2023-08-21 14:38:52 - [MESSAGE][PASSED] - Object 'Object Repository/Master Data/Data Group/TambahEditDetail/DataScopeView' is clickable

2023-08-21 14:38:52 - [MESSAGE][PASSED] - Object 'Object Repository/Master Data/Data Group/TambahEditDetail/DataScopeView' is clickable

2023-08-21 14:38:52 - [MESSAGE][INFO] - Click Element = Object Repository/Master Data/Data Group/TambahEditDetail/DataScopeView

2023-08-21 14:38:53 - [MESSAGE][PASSED] - Object: 'Object Repository/Master Data/Data Group/TambahEditDetail/DataScopeView' is clicked on]]></system-out>
         <system-err><![CDATA[2023-08-21 14:38:14 - [TEST_CASE][INCOMPLETE] - Test Cases/Master Data/Data Group/Data Group - View: null]]></system-err>
      </testcase>
      <system-out><![CDATA[2023-08-21 14:38:14 - [TEST_SUITE][INCOMPLETE] - Data Group - view: null]]></system-out>
      <system-err><![CDATA[2023-08-21 14:38:14 - [TEST_SUITE][INCOMPLETE] - Data Group - view: null]]></system-err>
   </testsuite>
</testsuites>
